Arguments: 
  /usr/local/Cellar/node@10/10.15.1/bin/node /usr/local/bin/yarn add @webcomponents

PATH: 
  /usr/local/opt/node@10/bin:/usr/local/bin:/usr/bin:/bin:/usr/sbin:/sbin:/usr/local/munki

Yarn version: 
  1.13.0

Node version: 
  10.15.1

Platform: 
  darwin x64

Trace: 
  Error: https://registry.yarnpkg.com/@webcomponents: Request "https://registry.yarnpkg.com/@webcomponents" returned a 405
      at Request.params.callback [as _callback] (/usr/local/lib/node_modules/yarn/lib/cli.js:66264:18)
      at Request.self.callback (/usr/local/lib/node_modules/yarn/lib/cli.js:129397:22)
      at Request.emit (events.js:189:13)
      at Request.<anonymous> (/usr/local/lib/node_modules/yarn/lib/cli.js:130369:10)
      at Request.emit (events.js:189:13)
      at IncomingMessage.<anonymous> (/usr/local/lib/node_modules/yarn/lib/cli.js:130291:12)
      at Object.onceWrapper (events.js:277:13)
      at IncomingMessage.emit (events.js:194:15)
      at endReadableNT (_stream_readable.js:1103:12)
      at process._tickCallback (internal/process/next_tick.js:63:19)

npm manifest: 
  {
    "dependencies": {
      "@polymer/paper-button": "^3.0.1"
    }
  }

yarn manifest: 
  No manifest

Lockfile: 
  # THIS IS AN AUTOGENERATED FILE. DO NOT EDIT THIS FILE DIRECTLY.
  # yarn lockfile v1
  
  
  "@polymer/font-roboto@^3.0.1":
    version "3.0.2"
    resolved "https://registry.yarnpkg.com/@polymer/font-roboto/-/font-roboto-3.0.2.tgz#80cdaa7225db2359130dfb2c6d9a3be1820020c3"
    integrity sha512-tx5TauYSmzsIvmSqepUPDYbs4/Ejz2XbZ1IkD7JEGqkdNUJlh+9KU85G56Tfdk/xjEZ8zorFfN09OSwiMrIQWA==
  
  "@polymer/iron-a11y-keys-behavior@^3.0.0-pre.26":
    version "3.0.1"
    resolved "https://registry.yarnpkg.com/@polymer/iron-a11y-keys-behavior/-/iron-a11y-keys-behavior-3.0.1.tgz#2868ea72912d2007ffab4734684a91f5aac49b84"
    integrity sha512-lnrjKq3ysbBPT/74l0Fj0U9H9C35Tpw2C/tpJ8a+5g8Y3YJs1WSZYnEl1yOkw6sEyaxOq/1DkzH0+60gGu5/PQ==
    dependencies:
      "@polymer/polymer" "^3.0.0"
  
  "@polymer/iron-behaviors@^3.0.0-pre.26":
    version "3.0.1"
    resolved "https://registry.yarnpkg.com/@polymer/iron-behaviors/-/iron-behaviors-3.0.1.tgz#a3b6f876779a7f0a91a15e4423890968b6525901"
    integrity sha512-IMEwcv1lhf1HSQxuyWOUIL0lOBwmeaoSTpgCJeP9IBYnuB1SPQngmfRuHKgK6/m9LQ9F9miC7p3HeQQUdKAE0w==
    dependencies:
      "@polymer/iron-a11y-keys-behavior" "^3.0.0-pre.26"
      "@polymer/polymer" "^3.0.0"
  
  "@polymer/iron-checked-element-behavior@^3.0.0-pre.26":
    version "3.0.1"
    resolved "https://registry.yarnpkg.com/@polymer/iron-checked-element-behavior/-/iron-checked-element-behavior-3.0.1.tgz#7a4b49646603657ab2c5e5ca7bd97f34444fdaf5"
    integrity sha512-aDr0cbCNVq49q+pOqa6CZutFh+wWpwPMLpEth9swx+GkAj+gCURhuQkaUYhIo5f2egDbEioR1aeHMnPlU9dQZA==
    dependencies:
      "@polymer/iron-form-element-behavior" "^3.0.0-pre.26"
      "@polymer/iron-validatable-behavior" "^3.0.0-pre.26"
      "@polymer/polymer" "^3.0.0"
  
  "@polymer/iron-flex-layout@^3.0.0-pre.26":
    version "3.0.1"
    resolved "https://registry.yarnpkg.com/@polymer/iron-flex-layout/-/iron-flex-layout-3.0.1.tgz#36f9e1a8eb792d279b2bc75d362628721ad37f0c"
    integrity sha512-7gB869czArF+HZcPTVSgvA7tXYFze9EKckvM95NB7SqYF+NnsQyhoXgKnpFwGyo95lUjUW9TFDLUwDXnCYFtkw==
    dependencies:
      "@polymer/polymer" "^3.0.0"
  
  "@polymer/iron-form-element-behavior@^3.0.0-pre.26":
    version "3.0.1"
    resolved "https://registry.yarnpkg.com/@polymer/iron-form-element-behavior/-/iron-form-element-behavior-3.0.1.tgz#4c79e1981d7796ce659e997f3b8f5e14b4a075a4"
    integrity sha512-G/e2KXyL5AY7mMjmomHkGpgS0uAf4ovNpKhkuUTRnMuMJuf589bKqE85KN4ovE1Tzhv2hJoh/igyD6ekHiYU1A==
    dependencies:
      "@polymer/polymer" "^3.0.0"
  
  "@polymer/iron-meta@^3.0.0-pre.26":
    version "3.0.1"
    resolved "https://registry.yarnpkg.com/@polymer/iron-meta/-/iron-meta-3.0.1.tgz#7f140628d127b0a284f882f1bb323a261bc125f5"
    integrity sha512-pWguPugiLYmWFV9UWxLWzZ6gm4wBwQdDy4VULKwdHCqR7OP7u98h+XDdGZsSlDPv6qoryV/e3tGHlTIT0mbzJA==
    dependencies:
      "@polymer/polymer" "^3.0.0"
  
  "@polymer/iron-validatable-behavior@^3.0.0-pre.26":
    version "3.0.1"
    resolved "https://registry.yarnpkg.com/@polymer/iron-validatable-behavior/-/iron-validatable-behavior-3.0.1.tgz#73538f005a07741c31b6fc1e981168c3d3e0d92b"
    integrity sha512-wwpYh6wOa4fNI+jH5EYKC7TVPYQ2OfgQqocWat7GsNWcsblKYhLYbwsvEY5nO0n2xKqNfZzDLrUom5INJN7msQ==
    dependencies:
      "@polymer/iron-meta" "^3.0.0-pre.26"
      "@polymer/polymer" "^3.0.0"
  
  "@polymer/paper-behaviors@^3.0.0-pre.27":
    version "3.0.1"
    resolved "https://registry.yarnpkg.com/@polymer/paper-behaviors/-/paper-behaviors-3.0.1.tgz#83f1cd06489f484c1b108a2967fb01952df722ad"
    integrity sha512-6knhj69fPJejv8qR0kCSUY+Q0XjaUf0OSnkjRjmTJPAwSrRYtgqE+l6P1FfA+py1X/cUjgne9EF5rMZAKJIg1g==
    dependencies:
      "@polymer/iron-behaviors" "^3.0.0-pre.26"
      "@polymer/iron-checked-element-behavior" "^3.0.0-pre.26"
      "@polymer/paper-ripple" "^3.0.0-pre.26"
      "@polymer/polymer" "^3.0.0"
  
  "@polymer/paper-button@^3.0.1":
    version "3.0.1"
    resolved "https://registry.yarnpkg.com/@polymer/paper-button/-/paper-button-3.0.1.tgz#f13b019137e3f6ccc4d04d0b1f27f4830ea5774d"
    integrity sha512-JRNBc+Oj9EWnmyLr7FcCr8T1KAnEHPh6mosln9BUdkM+qYaYsudSICh3cjTIbnj6AuF5OJidoLkM1dlyj0j6Zg==
    dependencies:
      "@polymer/iron-flex-layout" "^3.0.0-pre.26"
      "@polymer/paper-behaviors" "^3.0.0-pre.27"
      "@polymer/paper-styles" "^3.0.0-pre.26"
      "@polymer/polymer" "^3.0.0"
  
  "@polymer/paper-ripple@^3.0.0-pre.26":
    version "3.0.1"
    resolved "https://registry.yarnpkg.com/@polymer/paper-ripple/-/paper-ripple-3.0.1.tgz#28e506f079f840703bf8cbfd62966e1e83ebc3c3"
    integrity sha512-dgOe12GyCF1VZBLUQqnzGWlf3xb255FajNCVB1VFj/AtskYtoamnafa7m3a+1vs+C8qbg4Benn5KwgxVDSW4cg==
    dependencies:
      "@polymer/iron-a11y-keys-behavior" "^3.0.0-pre.26"
      "@polymer/polymer" "^3.0.0"
  
  "@polymer/paper-styles@^3.0.0-pre.26":
    version "3.0.1"
    resolved "https://registry.yarnpkg.com/@polymer/paper-styles/-/paper-styles-3.0.1.tgz#bd4962b83ab8432cd1cf197bb5222d3a08f135e1"
    integrity sha512-y6hmObLqlCx602TQiSBKHqjwkE7xmDiFkoxdYGaNjtv4xcysOTdVJsDR/R9UHwIaxJ7gHlthMSykir1nv78++g==
    dependencies:
      "@polymer/font-roboto" "^3.0.1"
      "@polymer/iron-flex-layout" "^3.0.0-pre.26"
      "@polymer/polymer" "^3.0.0"
  
  "@polymer/polymer@^3.0.0":
    version "3.2.0"
    resolved "https://registry.yarnpkg.com/@polymer/polymer/-/polymer-3.2.0.tgz#b41fddec4ecac63b12936b93726678d23add7afd"
    integrity sha512-L6uV1oM6T6xbwbVx6t3biG5T2VSSB03LxnIrUd9M2pr6RkHVPFHJ37pC5MUwBAEhkGFJif7eks7fdMMSGZTeEQ==
    dependencies:
      "@webcomponents/shadycss" "^1.8.0"
  
  "@webcomponents/shadycss@^1.8.0":
    version "1.9.1"
    resolved "https://registry.yarnpkg.com/@webcomponents/shadycss/-/shadycss-1.9.1.tgz#d769fbadfa504f11b84caeef26701f89070ec49a"
    integrity sha512-IaZOnWOKXHghqk/WfPNDRIgDBi3RsVPY2IFAw6tYiL9UBGvQRy5R6uC+Fk7qTZsReTJ0xh5MTT8yAcb3MUR4mQ==
